2020-09-21 12:16:31,573 INFO  [org.jboss.as.server.deployment.scanner] (MSC service thread 1-7) WFLYDS0013: Started FileSystemDeploymentService for directory E:\projet-front\keycloak\keycloak-11.0.2\standalone\deployments
2020-09-21 12:16:31,588 INFO  [org.jboss.as.server.deployment] (MSC service thread 1-4) WFLYSRV0027: Starting deployment of "keycloak-server.war" (runtime-name: "keycloak-server.war")
2020-09-21 12:16:32,855 INFO  [org.wildfly.extension.undertow] (MSC service thread 1-6) WFLYUT0006: Undertow HTTPS listener https listening on 127.0.0.1:8443
2020-09-21 12:16:33,238 INFO  [org.infinispan.PERSISTENCE] (MSC service thread 1-5) ISPN000556: Starting user marshaller 'org.wildfly.clustering.infinispan.marshalling.jboss.JBossMarshaller'
2020-09-21 12:16:33,238 INFO  [org.infinispan.PERSISTENCE] (MSC service thread 1-3) ISPN000556: Starting user marshaller 'org.wildfly.clustering.infinispan.marshalling.jboss.JBossMarshaller'
2020-09-21 12:16:33,259 INFO  [org.infinispan.CONTAINER] (MSC service thread 1-5) ISPN000128: Infinispan version: Infinispan 'Turia' 10.1.8.Final
2020-09-21 12:16:33,472 INFO  [org.jboss.as.clustering.infinispan] (ServerService Thread Pool -- 56) WFLYCLINF0002: Started client-mappings cache from ejb container
2020-09-21 12:16:33,486 INFO  [org.jboss.as.clustering.infinispan] (ServerService Thread Pool -- 64) WFLYCLINF0002: Started work cache from keycloak container
2020-09-21 12:16:33,484 INFO  [org.jboss.as.clustering.infinispan] (ServerService Thread Pool -- 58) WFLYCLINF0002: Started actionTokens cache from keycloak container
2020-09-21 12:16:33,487 INFO  [org.jboss.as.clustering.infinispan] (ServerService Thread Pool -- 65) WFLYCLINF0002: Started offlineClientSessions cache from keycloak container
2020-09-21 12:16:33,487 INFO  [org.jboss.as.clustering.infinispan] (ServerService Thread Pool -- 59) WFLYCLINF0002: Started loginFailures cache from keycloak container
2020-09-21 12:16:33,489 INFO  [org.jboss.as.clustering.infinispan] (ServerService Thread Pool -- 67) WFLYCLINF0002: Started offlineSessions cache from keycloak container
2020-09-21 12:16:33,490 INFO  [org.jboss.as.clustering.infinispan] (ServerService Thread Pool -- 66) WFLYCLINF0002: Started clientSessions cache from keycloak container
2020-09-21 12:16:33,490 INFO  [org.jboss.as.clustering.infinispan] (ServerService Thread Pool -- 68) WFLYCLINF0002: Started sessions cache from keycloak container
2020-09-21 12:16:33,492 INFO  [org.jboss.as.clustering.infinispan] (ServerService Thread Pool -- 60) WFLYCLINF0002: Started authenticationSessions cache from keycloak container
2020-09-21 12:16:33,533 INFO  [org.jboss.as.clustering.infinispan] (ServerService Thread Pool -- 57) WFLYCLINF0002: Started keys cache from keycloak container
2020-09-21 12:16:33,533 INFO  [org.jboss.as.clustering.infinispan] (ServerService Thread Pool -- 61) WFLYCLINF0002: Started realms cache from keycloak container
2020-09-21 12:16:33,533 INFO  [org.jboss.as.clustering.infinispan] (ServerService Thread Pool -- 63) WFLYCLINF0002: Started users cache from keycloak container
2020-09-21 12:16:33,542 INFO  [org.jboss.as.clustering.infinispan] (ServerService Thread Pool -- 62) WFLYCLINF0002: Started authorization cache from keycloak container
2020-09-21 12:16:33,969 WARN  [org.jboss.as.server.deployment] (MSC service thread 1-7) WFLYSRV0273: Excluded subsystem webservices via jboss-deployment-structure.xml does not exist.
2020-09-21 12:16:34,710 INFO  [org.keycloak.services] (ServerService Thread Pool -- 61) KC-SERVICES0001: Loading config from standalone.xml or domain.xml
2020-09-21 12:16:34,966 INFO  [org.keycloak.url.DefaultHostnameProviderFactory] (ServerService Thread Pool -- 61) Frontend: <request>, Admin: <frontend>, Backend: <request>
2020-09-21 12:16:35,326 INFO  [org.jboss.as.clustering.infinispan] (ServerService Thread Pool -- 61) WFLYCLINF0002: Started realmRevisions cache from keycloak container
2020-09-21 12:16:35,329 INFO  [org.jboss.as.clustering.infinispan] (ServerService Thread Pool -- 61) WFLYCLINF0002: Started userRevisions cache from keycloak container
2020-09-21 12:16:35,332 INFO  [org.jboss.as.clustering.infinispan] (ServerService Thread Pool -- 61) WFLYCLINF0002: Started authorizationRevisions cache from keycloak container
2020-09-21 12:16:35,334 INFO  [org.keycloak.connections.infinispan.DefaultInfinispanConnectionProviderFactory] (ServerService Thread Pool -- 61) Node name: lamp940, Site name: null
2020-09-21 12:16:42,419 INFO  [org.hibernate.jpa.internal.util.LogHelper] (ServerService Thread Pool -- 61) HHH000204: Processing PersistenceUnitInfo [
	name: keycloak-default
	...]
2020-09-21 12:16:42,542 INFO  [org.hibernate.Version] (ServerService Thread Pool -- 61) HHH000412: Hibernate Core {5.3.17.Final}
2020-09-21 12:16:42,544 INFO  [org.hibernate.cfg.Environment] (ServerService Thread Pool -- 61) HHH000206: hibernate.properties not found
2020-09-21 12:16:42,763 INFO  [org.hibernate.annotations.common.Version] (ServerService Thread Pool -- 61) HCANN000001: Hibernate Commons Annotations {5.0.5.Final}
2020-09-21 12:16:42,992 INFO  [org.hibernate.dialect.Dialect] (ServerService Thread Pool -- 61) HHH000400: Using dialect: org.hibernate.dialect.H2Dialect
2020-09-21 12:16:43,000 WARN  [org.hibernate.dialect.H2Dialect] (ServerService Thread Pool -- 61) HHH000431: Unable to determine H2 database version, certain features may not work
2020-09-21 12:16:43,064 INFO  [org.hibernate.envers.boot.internal.EnversServiceImpl] (ServerService Thread Pool -- 61) Envers integration enabled? : true
2020-09-21 12:16:43,544 INFO  [org.hibernate.orm.beans] (ServerService Thread Pool -- 61) HHH10005002: No explicit CDI BeanManager reference was passed to Hibernate, but CDI is available on the Hibernate ClassLoader.
2020-09-21 12:16:43,605 INFO  [org.hibernate.validator.internal.util.Version] (ServerService Thread Pool -- 61) HV000001: Hibernate Validator 6.0.20.Final
2020-09-21 12:16:44,758 INFO  [org.hibernate.hql.internal.QueryTranslatorFactoryInitiator] (ServerService Thread Pool -- 61) HHH000397: Using ASTQueryTranslatorFactory
2020-09-21 12:16:45,524 INFO  [org.jboss.resteasy.resteasy_jaxrs.i18n] (ServerService Thread Pool -- 61) RESTEASY002225: Deploying javax.ws.rs.core.Application: class org.keycloak.services.resources.KeycloakApplication
2020-09-21 12:16:45,526 INFO  [org.jboss.resteasy.resteasy_jaxrs.i18n] (ServerService Thread Pool -- 61) RESTEASY002205: Adding provider class org.keycloak.services.error.KeycloakErrorHandler from Application class org.keycloak.services.resources.KeycloakApplication
2020-09-21 12:16:45,527 INFO  [org.jboss.resteasy.resteasy_jaxrs.i18n] (ServerService Thread Pool -- 61) RESTEASY002200: Adding class resource org.keycloak.services.resources.ThemeResource from Application class org.keycloak.services.resources.KeycloakApplication
2020-09-21 12:16:45,528 INFO  [org.jboss.resteasy.resteasy_jaxrs.i18n] (ServerService Thread Pool -- 61) RESTEASY002205: Adding provider class org.keycloak.services.filters.KeycloakSecurityHeadersFilter from Application class org.keycloak.services.resources.KeycloakApplication
2020-09-21 12:16:45,528 INFO  [org.jboss.resteasy.resteasy_jaxrs.i18n] (ServerService Thread Pool -- 61) RESTEASY002200: Adding class resource org.keycloak.services.resources.JsResource from Application class org.keycloak.services.resources.KeycloakApplication
2020-09-21 12:16:45,528 INFO  [org.jboss.resteasy.resteasy_jaxrs.i18n] (ServerService Thread Pool -- 61) RESTEASY002220: Adding singleton resource org.keycloak.services.resources.WelcomeResource from Application class org.keycloak.services.resources.KeycloakApplication
2020-09-21 12:16:45,528 INFO  [org.jboss.resteasy.resteasy_jaxrs.i18n] (ServerService Thread Pool -- 61) RESTEASY002220: Adding singleton resource org.keycloak.services.resources.admin.AdminRoot from Application class org.keycloak.services.resources.KeycloakApplication
2020-09-21 12:16:45,529 INFO  [org.jboss.resteasy.resteasy_jaxrs.i18n] (ServerService Thread Pool -- 61) RESTEASY002220: Adding singleton resource org.keycloak.services.resources.RobotsResource from Application class org.keycloak.services.resources.KeycloakApplication
2020-09-21 12:16:45,529 INFO  [org.jboss.resteasy.resteasy_jaxrs.i18n] (ServerService Thread Pool -- 61) RESTEASY002220: Adding singleton resource org.keycloak.services.resources.RealmsResource from Application class org.keycloak.services.resources.KeycloakApplication
2020-09-21 12:16:45,529 INFO  [org.jboss.resteasy.resteasy_jaxrs.i18n] (ServerService Thread Pool -- 61) RESTEASY002210: Adding provider singleton org.keycloak.services.util.ObjectMapperResolver from Application class org.keycloak.services.resources.KeycloakApplication
2020-09-21 12:16:45,835 INFO  [org.wildfly.extension.undertow] (ServerService Thread Pool -- 61) WFLYUT0021: Registered web context: '/auth' for server 'default-server'
